			<!-- 正文 start -->
			<div class="article" id="article">
							<!--video-list-->
			<div class="video-2017" id="videoList0" ></div>
			<script>
				SINA_TEXT_PAGE_INFO['videoDatas0'] = [						{
							ad_state: '',
							pid: '1',
							video_id: 260052923,	//vid
							pic: '//n.sinaimg.cn/front/200/w640h360/20180709/KJgw-hezpzwt8216053.jpg',		//节目列表小图
							thumbUrl: '//n.sinaimg.cn/front/200/w640h360/20180709/KJgw-hezpzwt8216053.jpg',	//html5播放器上视频还未开始播显示的图片，可与pic相同
							title: '视频|泰被困少年营救细节：戴面罩潜水5小时',	//标题
							source: '',	//视频发布来源。如：新华网。
							url: 'http://video.sina.com.cn/p/news/w/doc/2018-07-09/103968919746.html'
						}];
				SinaPage.loadWidget({
					trigger: {
					id: 'videoList0'
					},
				require:[
				{
					url: "//sjs2.sinajs.cn/video/sinaplayer/js/page/player_v1.js"
				},
				{
					url: "//finance.sina.com.cn/other/src/sinaPageVideo2017.js"
				}
				],
				onAfterLoad: function () {
					new SinaPageVideo({ 
						 wrap:'videoList0',//播放器外层id 
		 				videoList:SINA_TEXT_PAGE_INFO['videoDatas0']
				 });
			}
			});
		</script>
		<!--/video-list-->
<p>　　原标题：泰被困少年营救细节：戴面罩潜水5小时</p>
<p>　　[泰被困少年营救细节：戴面罩潜水5小时]当地时间7月8日，泰国首批四名被困少年安全获救。每位少年佩戴潜水面罩，在两名救援人员护送下耗时5小时潜水出洞。第二批救援行动将在20小时内进行。（视频来源 综合美联社 CNN及网络）</p>
				
				<div class="wap_special" data-sudaclick="content_relativetopics_p">
        <div class="tlt">点击进入专题：</div>
	<a href="http://news.sina.cn/zt_d/tailfootball" target="_blank">被困洞中超两周 泰国少年足球队成员终于获救</a></div>
  
				
				
<p class="show_author">责任编辑：张申 </p>
				
				
			</div>
			<!-- 正文 end -->
<div class="keywords" id="keywords" data-wbkey="面罩,足球,营救,新闻" data-sudaclick="content_keywords_p">