			<!-- 正文 start -->
			<div class="article" id="article">
							<!--video-list-->
			<div class="video-2017" id="videoList0" ></div>
			<script>
				SINA_TEXT_PAGE_INFO['videoDatas0'] = [						{
							ad_state: '1',
							pid: '1',
							video_id: 260007316,	//vid
							pic: '//n.sinaimg.cn/front/200/w640h360/20180707/2bJ_-hexfcvm3458116.jpg',		//节目列表小图
							thumbUrl: '//n.sinaimg.cn/front/200/w640h360/20180707/2bJ_-hexfcvm3458116.jpg',	//html5播放器上视频还未开始播显示的图片，可与pic相同
							title: '直击！潜水员首次进入“凤凰号”二层搜寻 暂未发现失联者',	//标题
							source: '',	//视频发布来源。如：新华网。
							url: 'http://video.sina.com.cn/p/news/o/doc/2018-07-07/213368918928.html'
						}];
				SinaPage.loadWidget({
					trigger: {
					id: 'videoList0'
					},
				require:[
				{
					url: "//sjs2.sinajs.cn/video/sinaplayer/js/page/player_v1.js"
				},
				{
					url: "//finance.sina.com.cn/other/src/sinaPageVideo2017.js"
				}
				],
				onAfterLoad: function () {
					new SinaPageVideo({ 
						 wrap:'videoList0',//播放器外层id 
		 				videoList:SINA_TEXT_PAGE_INFO['videoDatas0']
				 });
			}
			});
		</script>
		<!--/video-list-->
<p>　　原标题：独家视频：潜水员首次进入“凤凰号”船体二层搜寻未发现失联者</p>
<p>　　央视记者骆魏今天下午随搜救船抵达“凤凰号”游船翻沉地点。搭载92名中国游客的“凤凰号”在5日倾覆，目前还有大批在该船上的失联中国游客。该船是一艘两层结构的游船，此前泰国潜水队员曾下潜对船体外部和顶层进行搜寻，发现部分遇难者遗体。今天是首次进入船体的二层进行搜寻，截至目前还未在第二层船舱发现失联者。</p>
<p>　　在下午的搜救过程中，央视记者也翻拍到了潜水人员在水下拍摄的船体内部的视频画面。（央视记者 骆魏）</p>
				
				<div class="wap_special" data-sudaclick="content_relativetopics_p">
        <div class="tlt">点击进入专题：</div>
	<a href="http://news.sina.cn/zt_d/youchuan0705" target="_blank">泰国游船翻覆已致数十中国人遇难</a></div>
  
				
				
<p class="show_author">责任编辑：霍宇昂 </p>
				
				
			</div>
			<!-- 正文 end -->
<div class="keywords" id="keywords" data-wbkey="凤凰,船体,潜水员,新闻" data-sudaclick="content_keywords_p">