			<!-- 正文 start -->
			<div class="article" id="article">
							<!--video-list-->
			<div class="video-2017" id="videoList0" ></div>
			<script>
				SINA_TEXT_PAGE_INFO['videoDatas0'] = [						{
							ad_state: '1',
							pid: '1',
							video_id: 260022896,	//vid
							pic: '//n.sinaimg.cn/front/200/w640h360/20180708/0-gS-fzrwiaz8433042.jpg',		//节目列表小图
							thumbUrl: '//n.sinaimg.cn/front/200/w640h360/20180708/0-gS-fzrwiaz8433042.jpg',	//html5播放器上视频还未开始播显示的图片，可与pic相同
							title: '视频：请将这段央视视频转给更多人！关注一位凋零在花季的少女',	//标题
							source: '',	//视频发布来源。如：新华网。
							url: 'http://video.sina.com.cn/p/news/o/doc/2018-07-08/203768919579.html'
						}];
				SinaPage.loadWidget({
					trigger: {
					id: 'videoList0'
					},
				require:[
				{
					url: "//sjs2.sinajs.cn/video/sinaplayer/js/page/player_v1.js"
				},
				{
					url: "//finance.sina.com.cn/other/src/sinaPageVideo2017.js"
				}
				],
				onAfterLoad: function () {
					new SinaPageVideo({ 
						 wrap:'videoList0',//播放器外层id 
		 				videoList:SINA_TEXT_PAGE_INFO['videoDatas0']
				 });
			}
			});
		</script>
		<!--/video-list-->
<p>　　[吴老师曾恐吓依依：我都50多岁了，你将来咋办？]庆阳六中一名姓段的政教处主任未经依依同意，就将班主任吴老师请到心理辅导室给依依道歉，希望借此机会可以大事化小。女孩后来说，那哪是道歉，就是一种恐吓和道德绑架，老师跟她说：“你看这个事情，如果张扬出去了，我都50多岁了，你将来咋办？”</p>
<p>　　@央视新闻</p>
<p>　　[请将这段央视视频转给更多人！关注一位凋零在花季的少女]女孩遭班主任搂抱亲吻，她一次次试图讨公道，多次尝试自杀，但公道没讨到，自杀却变成现实…女孩曾希望不要再看到侵害她的老师，但学校发现老师是高三化学学科带头人，立刻反悔，要不，你转学…别让这悲剧，像一阵风转眼过去了！转！</p>
<p>　　<strong>相关新闻：</strong></p>
<p>　　<strong>官方回应</strong></p>
<p>　　<a href="http://news.sina.com.cn/o/2018-06-28/doc-iheqpwqy2735751.shtml" target="_blank">庆阳六中通报女生跳楼：其父为保护隐私曾拒绝报警</a></p>
<p>　　<a href="http://news.sina.com.cn/o/2018-06-28/doc-iheqpwqy2750511.shtml" target="_blank">庆阳教育局：排查违反师德教师 建学生心理辅导室</a></p>
<p>　　<a href="http://news.sina.com.cn/s/2018-06-28/doc-iheqpwqy3085293.shtml" target="_blank">庆阳六中校长：教师猥亵事件给全市抹黑</a></p>
<p>　　<a href="http://news.sina.com.cn/s/2018-06-28/doc-iheqpwqy3496665.shtml" target="_blank">甘肃跳楼女生学校校长首次现身谈死者：她很有个性</a></p>
<p>　　<a href="http://news.sina.com.cn/s/2018-06-25/doc-iheirxyf6173254.shtml" target="_blank">甘肃女孩跳楼围观者起哄 官方：已经拘留好几个了</a></p>
<p>　　<a href="http://news.sina.com.cn/o/2018-06-27/doc-ihencxtv4035568.shtml" target="_blank">庆阳六中回应女生跳楼：已禁教师和异性学生独处</a></p>
<p>　　<strong>事件调查</strong></p>
<p>　　<a href="http://news.sina.com.cn/s/2018-06-27/doc-iheqpwqx7270284.shtml" target="_blank">甘肃跳楼女孩的最后两年：半夜头痛 甚至拿头撞墙</a></p>
<p>　　<a href="http://news.sina.com.cn/s/2018-06-27/doc-ihencxtv3192504.shtml" target="_blank">甘肃跳楼女生本可上二本 围观者喊“驴都被怂死了”</a></p>
<p>　　<a href="http://news.sina.com.cn/s/2018-06-27/doc-ihencxtv3561660.shtml" target="_blank">甘肃女生跳楼涉猥亵老师家被喷漆 同事未见其上班</a></p>
<p>　　<a href="http://news.sina.com.cn/s/2018-06-27/doc-ihencxtv0796814.shtml" target="_blank">庆阳坠亡女生父亲：她2年十几次自杀未遂 学校质疑</a></p>
<p>　　<a href="http://news.sina.com.cn/s/2018-06-25/doc-ihencxtt9111784.shtml" target="_blank">甘肃19岁女孩跳楼：参与救援的消防员曾救过她一次</a></p>
<p>　　<a href="http://news.sina.com.cn/o/2018-06-25/doc-iheirxyf4705277.shtml" target="_blank">女生被老师猥亵后跳楼 学校曾欲赔35万遭家属拒绝</a></p>
<p>　　<strong>媒体评论</strong></p>
<p>　　<a href="http://news.sina.com.cn/s/2018-06-27/doc-ihencxtv3309678.shtml" target="_blank">新华社评甘肃女孩跳楼轻生：法律不会放过起哄者</a></p>
<p>　　<a href="http://news.sina.com.cn/s/2018-06-25/doc-ihencxtt9545394.shtml" target="_blank">媒体：拘留跳楼事件“无耻看客”用法律挽回人性</a></p>
<p>　　<a href="http://news.sina.com.cn/s/2018-06-25/doc-ihencxtt9910745.shtml" target="_blank">媒体：19岁少女跳楼自杀 每个起哄者都是凶手</a></p>
<p>　　<a href="http://news.sina.com.cn/s/2018-06-25/doc-ihencxtt9686025.shtml" target="_blank">怂恿自杀者快点跳楼 这样起哄不需承担法律责任吗</a></p>
<p>　　<a href="http://news.sina.com.cn/s/2018-06-25/doc-ihencxtt9695763.shtml" target="_blank">央视：围观起哄致少女跳楼 警惕病态社会逆反心理</a></p>
<p>　　<a href="http://news.sina.com.cn/s/2018-06-25/doc-ihencxtt9690684.shtml" target="_blank">央视：面对轻生女孩 冷漠围观者的狂欢沾着她的血</a></p>
<p>　　<a href="http://news.sina.com.cn/o/2018-06-25/doc-ihencxtt8764417.shtml" target="_blank">媒体：女孩跳楼围观者起哄 鲁迅笔下的看客升级了？</a></p>
				
				  
				
				
<p class="show_author">责任编辑：张玉 </p>
				
				
			</div>
			<!-- 正文 end -->
<div class="keywords" id="keywords" data-wbkey="老师,女孩,班主任,新闻" data-sudaclick="content_keywords_p">