			<!-- 正文 start -->
			<div class="article" id="article">
				<p>　　原标题：四川省政府人事任免：代永波、王海峰任省政府副秘书长</p>
<p>　　四川省人民政府关于任免代永波 何旅章等职务的通知</p>
<p>　　川府函〔2018〕107号</p>
<p>　　各市（州）人民政府，省政府各部门、各直属机构，有关单位：</p>
<p>　　四川省人民政府决定：</p>
<p>　　任命：</p>
<p>　　代永波为四川省人民政府副秘书长；</p>
<p>　　王海峰为四川省人民政府副秘书长，挂职时间两年；</p>
<p>　　罗治平为四川省人民政府台湾事务办公室主任；</p>
<p>　　王波为四川省交通运输厅安全总监；</p>
<p>　　陈泽广为四川省信访局局长；</p>
<p>　　张文卫为西南石油大学副校长。</p>
<p>　　免去：</p>
<p>　　何旅章的四川省人民政府副秘书长职务；</p>
<p>　　周敏谦的四川省人民政府台湾事务办公室主任职务；</p>
<p>　　代永波的四川省发展和改革委员会副主任、四川省铁路和机场建设办公室专职副主任职务；</p>
<p>　　王波的四川省交通运输厅道路运输管理局局长职务；</p>
<p>　　邵革军的四川省信访局局长职务；</p>
<p>　　刘旭光的成都中医药大学副校长职务；</p>
<p>　　周茂的西南石油大学副校长职务。</p>
<p>　　特此通知。</p>
<p>　　四川省人民政府</p>
<p>　　2018年7月5日</p>
<p>　　来源：四川省政府官网</p>
				
				  
				
				
<p class="show_author">责任编辑：张申 </p>
				
				
			</div>
			<!-- 正文 end -->
<div class="keywords" id="keywords" data-wbkey="四川省,代永波,王海峰,新闻" data-sudaclick="content_keywords_p">