			<!-- 正文 start -->
			<div class="article" id="article">
				<p>　　原标题：信阳市委常委、统战部部长方波接受纪律审查和监察调查</p>
<p>　　信阳市委常委、统战部部长方波涉嫌严重违纪违法，目前正接受省纪委监察委纪律审查和监察调查。</p>
<p>　　<strong>方波简历</strong></p>
<p>　　方波，男，汉族，1960年7月出生，河南商城人，研究生学历，1976年7月参加工作，1981年4月入党。</p>
<p>　　1976年7月——1980年5月，商城县粮食局工作；</p>
<p>　　1980年5月——1981年12月，商城县团委工作；</p>
<p>　　1981年12月——1985年9月，商城县团委宣传部副部长；</p>
<p>　　1985年9月——1988年1月，商城县团委书记；</p>
<p>　　1988年1月——1989年4月，商城县双椿铺乡党委书记；</p>
<p>　　1989年4月——1992年10月，商城县双椿铺乡党委书记兼人大主席；</p>
<p>　　1992年10月——1996年2月，商城县委常委、办公室主任；</p>
<p>　　1996年2月——1997年10月，信阳市（县级市）委副书记；</p>
<p>　　1997年10月——1998年8月，信阳市（县级市）委副书记、纪委书记；</p>
<p>　　1998年8月——1998年10月，信阳市浉河区委副书记、纪委书记；</p>
<p>　　1998年10月——1999年4月，信阳市浉河区委副书记；</p>
<p>　　1999年4月——2001年8月，信阳市乡镇企业局局长、党组书记；</p>
<p>　　2001年8月——2008年2月，固始县委副书记、县长；</p>
<p>　　2008年2月——2008年7月，固始县委书记；</p>
<p>　　2008年7月——2011年8月，信阳市委常委，固始县委书记；</p>
<p>　　2011年8月——2011年9月，信阳市委常委；</p>
<p>　　2011年9月至今，信阳市委常委，统战部部长。</p>
<!--  <div class="article-editor">  【编辑：李先铎】 </div>-->
				
				  
				
				
<p class="show_author">责任编辑：张申 </p>
				
				
			</div>
			<!-- 正文 end -->
<div class="keywords" id="keywords" data-wbkey="方波,信阳,商城县,新闻" data-sudaclick="content_keywords_p">